<?xml version="1.0" encoding="UTF-8"?>
<testsuite xmlns:xsi="http://www.w3.org/2001/XMLSchema-instance" xsi:noNamespaceSchemaLocation="https://maven.apache.org/surefire/maven-surefire-plugin/xsd/surefire-test-report.xsd" name="TestSuite" time="23.683" tests="8" errors="0" skipped="0" failures="8">
  <properties>
    <property name="java.specification.version" value="17"/>
    <property name="sun.cpu.isalist" value="amd64"/>
    <property name="sun.jnu.encoding" value="Cp1252"/>
    <property name="java.class.path" value="C:\Users\GermanAMendez\Selenium\eclipse\plugins\org.eclipse.m2e.maven.runtime_1.18.3.20220227-1319\jars\plexus-classworlds-2.6.0.jar"/>
    <property name="java.vm.vendor" value="Eclipse Adoptium"/>
    <property name="sun.arch.data.model" value="64"/>
    <property name="user.variant" value=""/>
    <property name="java.vendor.url" value="https://adoptium.net/"/>
    <property name="user.timezone" value="America/New_York"/>
    <property name="java.vm.specification.version" value="17"/>
    <property name="os.name" value="Windows 11"/>
    <property name="sun.java.launcher" value="SUN_STANDARD"/>
    <property name="user.country" value="US"/>
    <property name="sun.boot.library.path" value="C:\Users\GermanAMendez\Selenium\eclipse\plugins\org.eclipse.justj.openjdk.hotspot.jre.full.win32.x86_64_17.0.3.v20220515-1416\jre\bin"/>
    <property name="sun.java.command" value="org.codehaus.plexus.classworlds.launcher.Launcher -B test"/>
    <property name="jdk.debug" value="release"/>
    <property name="maven.home" value="C:\Users\15713\PlaywrightLearning\PlaywrightAutomation_TestNG\EMBEDDED"/>
    <property name="sun.cpu.endian" value="little"/>
    <property name="user.home" value="C:\Users\15713"/>
    <property name="user.language" value="en"/>
    <property name="java.specification.vendor" value="Oracle Corporation"/>
    <property name="jansi.mode" value="strip"/>
    <property name="java.version.date" value="2022-04-19"/>
    <property name="java.home" value="C:\Users\GermanAMendez\Selenium\eclipse\plugins\org.eclipse.justj.openjdk.hotspot.jre.full.win32.x86_64_17.0.3.v20220515-1416\jre"/>
    <property name="file.separator" value="\"/>
    <property name="java.vm.compressedOopsMode" value="Zero based"/>
    <property name="line.separator" value="&#10;"/>
    <property name="java.vm.specification.vendor" value="Oracle Corporation"/>
    <property name="java.specification.name" value="Java Platform API Specification"/>
    <property name="user.script" value=""/>
    <property name="sun.management.compiler" value="HotSpot 64-Bit Tiered Compilers"/>
    <property name="java.runtime.version" value="17.0.3+7"/>
    <property name="user.name" value="15713"/>
    <property name="path.separator" value=";"/>
    <property name="os.version" value="10.0"/>
    <property name="java.runtime.name" value="OpenJDK Runtime Environment"/>
    <property name="file.encoding" value="UTF-8"/>
    <property name="guice.disable.misplaced.annotation.check" value="true"/>
    <property name="java.vm.name" value="OpenJDK 64-Bit Server VM"/>
    <property name="java.vendor.version" value="Temurin-17.0.3+7"/>
    <property name="java.vendor.url.bug" value="https://github.com/adoptium/adoptium-support/issues"/>
    <property name="java.io.tmpdir" value="C:\Users\15713\AppData\Local\Temp\"/>
    <property name="java.version" value="17.0.3"/>
    <property name="user.dir" value="C:\Users\15713\PlaywrightLearning\PlaywrightAutomation_TestNG"/>
    <property name="os.arch" value="amd64"/>
    <property name="maven.multiModuleProjectDirectory" value="C:\Users\15713\PlaywrightLearning\PlaywrightAutomation_TestNG"/>
    <property name="java.vm.specification.name" value="Java Virtual Machine Specification"/>
    <property name="sun.os.patch.level" value=""/>
    <property name="native.encoding" value="Cp1252"/>
    <property name="java.library.path" value="C:\Users\GermanAMendez\Selenium\eclipse\plugins\org.eclipse.justj.openjdk.hotspot.jre.full.win32.x86_64_17.0.3.v20220515-1416\jre\bin;C:\WINDOWS\Sun\Java\bin;C:\WINDOWS\system32;C:\WINDOWS;C:/Users/GermanAMendez/Selenium/eclipse//plugins/org.eclipse.justj.openjdk.hotspot.jre.full.win32.x86_64_17.0.3.v20220515-1416/jre/bin/server;C:/Users/GermanAMendez/Selenium/eclipse//plugins/org.eclipse.justj.openjdk.hotspot.jre.full.win32.x86_64_17.0.3.v20220515-1416/jre/bin;C:\Program Files\Common Files\Oracle\Java\javapath;C:\WINDOWS\system32;C:\WINDOWS;C:\WINDOWS\System32\Wbem;C:\WINDOWS\System32\WindowsPowerShell\v1.0\;C:\WINDOWS\System32\OpenSSH\;C:\Program Files\Git\cmd;C:\Maven\apache-maven-3.8.6\bin;C:\Program Files (x86)\dotnet\;C:\Program Files\Java\jdk-17\bin;C:\Program Files\MySQL\MySQL Shell 8.0\bin\;C:\Users\15713\AppData\Local\Microsoft\WindowsApps;;C:\Program Files\JetBrains\IntelliJ IDEA Community Edition 2022.2\bin;;C:\Users\GermanAMendez\Selenium\eclipse;;."/>
    <property name="java.vm.info" value="mixed mode"/>
    <property name="java.vendor" value="Eclipse Adoptium"/>
    <property name="java.vm.version" value="17.0.3+7"/>
    <property name="classworlds.conf" value="C:\Users\15713\PlaywrightLearning\.metadata\.plugins\org.eclipse.m2e.launching\launches\m2conf10615585661216362261.tmp"/>
    <property name="sun.io.unicode.encoding" value="UnicodeLittle"/>
    <property name="java.class.version" value="61.0"/>
  </properties>
  <testcase name="homePageTitleTest" classname="com.qa.ecommerce.tests.HomePageTest" time="0.004">
    <failure message="Cannot invoke &quot;com.qa.ecommerce.pages.HomePage.getHomePageTitle()&quot; because &quot;this.homePage&quot; is null" type="java.lang.NullPointerException">java.lang.NullPointerException: Cannot invoke "com.qa.ecommerce.pages.HomePage.getHomePageTitle()" because "this.homePage" is null
	at com.qa.ecommerce.tests.HomePageTest.homePageTitleTest(HomePageTest.java:14)
</failure>
    <system-out><![CDATA[browser name is : chrome
]]></system-out>
  </testcase>
  <testcase name="homePageURLTest" classname="com.qa.ecommerce.tests.HomePageTest" time="0">
    <failure message="Cannot invoke &quot;com.qa.ecommerce.pages.HomePage.getHomePageURL()&quot; because &quot;this.homePage&quot; is null" type="java.lang.NullPointerException">java.lang.NullPointerException: Cannot invoke "com.qa.ecommerce.pages.HomePage.getHomePageURL()" because "this.homePage" is null
	at com.qa.ecommerce.tests.HomePageTest.homePageURLTest(HomePageTest.java:20)
</failure>
  </testcase>
  <testcase name="searchTest" classname="com.qa.ecommerce.tests.HomePageTest" time="5.01">
    <failure message="Cannot invoke &quot;com.qa.ecommerce.pages.HomePage.doSearch(String)&quot; because &quot;this.homePage&quot; is null" type="java.lang.NullPointerException">java.lang.NullPointerException: Cannot invoke "com.qa.ecommerce.pages.HomePage.doSearch(String)" because "this.homePage" is null
	at com.qa.ecommerce.tests.HomePageTest.searchTest(HomePageTest.java:36)
</failure>
  </testcase>
  <testcase name="searchTest" classname="com.qa.ecommerce.tests.HomePageTest" time="5.009">
    <failure message="Cannot invoke &quot;com.qa.ecommerce.pages.HomePage.doSearch(String)&quot; because &quot;this.homePage&quot; is null" type="java.lang.NullPointerException">java.lang.NullPointerException: Cannot invoke "com.qa.ecommerce.pages.HomePage.doSearch(String)" because "this.homePage" is null
	at com.qa.ecommerce.tests.HomePageTest.searchTest(HomePageTest.java:36)
</failure>
  </testcase>
  <testcase name="searchTest" classname="com.qa.ecommerce.tests.HomePageTest" time="5.013">
    <failure message="Cannot invoke &quot;com.qa.ecommerce.pages.HomePage.doSearch(String)&quot; because &quot;this.homePage&quot; is null" type="java.lang.NullPointerException">java.lang.NullPointerException: Cannot invoke "com.qa.ecommerce.pages.HomePage.doSearch(String)" because "this.homePage" is null
	at com.qa.ecommerce.tests.HomePageTest.searchTest(HomePageTest.java:36)
</failure>
  </testcase>
  <testcase name="loginPageNavigationTest" classname="com.qa.ecommerce.tests.LoginPageTest" time="0">
    <failure message="Cannot invoke &quot;com.qa.ecommerce.pages.HomePage.navigateToLoginPage()&quot; because &quot;this.homePage&quot; is null" type="java.lang.NullPointerException">java.lang.NullPointerException: Cannot invoke "com.qa.ecommerce.pages.HomePage.navigateToLoginPage()" because "this.homePage" is null
	at com.qa.ecommerce.tests.LoginPageTest.loginPageNavigationTest(LoginPageTest.java:13)
</failure>
  </testcase>
  <testcase name="forgotPwdLinkExistTest" classname="com.qa.ecommerce.tests.LoginPageTest" time="0.001">
    <failure message="Cannot invoke &quot;com.qa.ecommerce.pages.LoginPage.isForgotPwdLinkExist()&quot; because &quot;this.loginPage&quot; is null" type="java.lang.NullPointerException">java.lang.NullPointerException: Cannot invoke "com.qa.ecommerce.pages.LoginPage.isForgotPwdLinkExist()" because "this.loginPage" is null
	at com.qa.ecommerce.tests.LoginPageTest.forgotPwdLinkExistTest(LoginPageTest.java:21)
</failure>
  </testcase>
  <testcase name="appLoginTest" classname="com.qa.ecommerce.tests.LoginPageTest" time="0.001">
    <failure message="Cannot invoke &quot;java.util.Properties.getProperty(String)&quot; because &quot;this.prop&quot; is null" type="java.lang.NullPointerException">java.lang.NullPointerException: Cannot invoke "java.util.Properties.getProperty(String)" because "this.prop" is null
	at com.qa.ecommerce.tests.LoginPageTest.appLoginTest(LoginPageTest.java:26)
</failure>
  </testcase>
</testsuite>