<?xml version="1.0" encoding="UTF-8"?>
<!-- Generated by org.testng.reporters.JUnitReportReporter -->
<testsuite hostname="G-Mendez-21" failures="0" tests="5" name="com.qa.ecommerce.tests.HomePageTest" time="2.319" errors="0" timestamp="2023-07-01T18:30:15 EDT" skipped="0">
  <testcase classname="com.qa.ecommerce.tests.HomePageTest" name="homePageUrlTest" time="0.002"/>
  <system-out/>
  <testcase classname="com.qa.ecommerce.tests.HomePageTest" name="homePageTitleTest" time="0.015"/>
  <system-out/>
  <testcase classname="com.qa.ecommerce.tests.HomePageTest" name="searchTest" time="0.745"/>
  <system-out/>
  <testcase classname="com.qa.ecommerce.tests.HomePageTest" name="searchTest" time="0.749"/>
  <system-out/>
  <testcase classname="com.qa.ecommerce.tests.HomePageTest" name="searchTest" time="0.808"/>
  <system-out/>
</testsuite> <!-- com.qa.ecommerce.tests.HomePageTest -->
