<?xml version="1.0" encoding="UTF-8"?>
<!-- Generated by org.testng.reporters.JUnitReportReporter -->
<testsuite hostname="G-Mendez-21" failures="0" tests="10" name="com.qa.ecommerce.tests.HomePageTest" time="33.137" errors="0" timestamp="2023-07-05T12:47:23 EDT" skipped="0">
  <testcase classname="com.qa.ecommerce.tests.HomePageTest" name="searchTest" time="5.533"/>
  <system-out/>
  <testcase classname="com.qa.ecommerce.tests.HomePageTest" name="searchTest" time="5.462"/>
  <system-out/>
  <testcase classname="com.qa.ecommerce.tests.HomePageTest" name="homePageTitleTest" time="0.011"/>
  <system-out/>
  <testcase classname="com.qa.ecommerce.tests.HomePageTest" name="searchTest" time="5.572"/>
  <system-out/>
  <testcase classname="com.qa.ecommerce.tests.HomePageTest" name="searchTest" time="5.543"/>
  <system-out/>
  <testcase classname="com.qa.ecommerce.tests.HomePageTest" name="homePageURLTest" time="0.001"/>
  <system-out/>
  <testcase classname="com.qa.ecommerce.tests.HomePageTest" name="searchTest" time="5.512"/>
  <system-out/>
  <testcase classname="com.qa.ecommerce.tests.HomePageTest" name="homePageURLTest" time="0.006"/>
  <system-out/>
  <testcase classname="com.qa.ecommerce.tests.HomePageTest" name="searchTest" time="5.464"/>
  <system-out/>
  <testcase classname="com.qa.ecommerce.tests.HomePageTest" name="homePageTitleTest" time="0.033"/>
  <system-out/>
</testsuite> <!-- com.qa.ecommerce.tests.HomePageTest -->
